Determining if the pthread_create exist failed with the following output:
Change Dir: /home/lewissetter/Documents/mines/high_performance_computing/ntf_project/openblas/build/CMakeFiles/CMakeTmp

Run Build Command:"/usr/bin/make" "cmTC_d4500/fast"
/usr/bin/make -f CMakeFiles/cmTC_d4500.dir/build.make CMakeFiles/cmTC_d4500.dir/build
make[1]: Entering directory '/home/lewissetter/Documents/mines/high_performance_computing/ntf_project/openblas/build/CMakeFiles/CMakeTmp'
Building C object CMakeFiles/cmTC_d4500.dir/CheckSymbolExists.c.o
/usr/bin/cc   -DF_INTERFACE_GFORT -fPIC -DSMP_SERVER -DMAX_CPU_NUMBER=4 -DMAX_PARALLEL_NUMBER=1 -DVERSION="\"0.3.6\""    -o CMakeFiles/cmTC_d4500.dir/CheckSymbolExists.c.o   -c /home/lewissetter/Documents/mines/high_performance_computing/ntf_project/openblas/build/CMakeFiles/CMakeTmp/CheckSymbolExists.c
Linking C executable cmTC_d4500
/usr/bin/cmake -E cmake_link_script CMakeFiles/cmTC_d4500.dir/link.txt --verbose=1
/usr/bin/cc   -DF_INTERFACE_GFORT -fPIC -DSMP_SERVER -DMAX_CPU_NUMBER=4 -DMAX_PARALLEL_NUMBER=1 -DVERSION="\"0.3.6\""     -rdynamic CMakeFiles/cmTC_d4500.dir/CheckSymbolExists.c.o  -o cmTC_d4500 
CMakeFiles/cmTC_d4500.dir/CheckSymbolExists.c.o: In function `main':
CheckSymbolExists.c:(.text+0x1b): undefined reference to `pthread_create'
collect2: error: ld returned 1 exit status
CMakeFiles/cmTC_d4500.dir/build.make:97: recipe for target 'cmTC_d4500' failed
make[1]: *** [cmTC_d4500] Error 1
make[1]: Leaving directory '/home/lewissetter/Documents/mines/high_performance_computing/ntf_project/openblas/build/CMakeFiles/CMakeTmp'
Makefile:126: recipe for target 'cmTC_d4500/fast' failed
make: *** [cmTC_d4500/fast] Error 2

File /home/lewissetter/Documents/mines/high_performance_computing/ntf_project/openblas/build/CMakeFiles/CMakeTmp/CheckSymbolExists.c:
/* */
#include <pthread.h>

int main(int argc, char** argv)
{
  (void)argv;
#ifndef pthread_create
  return ((int*)(&pthread_create))[argc];
#else
  (void)argc;
  return 0;
#endif
}

Determining if the function pthread_create exists in the pthreads failed with the following output:
Change Dir: /home/lewissetter/Documents/mines/high_performance_computing/ntf_project/openblas/build/CMakeFiles/CMakeTmp

Run Build Command:"/usr/bin/make" "cmTC_5f045/fast"
/usr/bin/make -f CMakeFiles/cmTC_5f045.dir/build.make CMakeFiles/cmTC_5f045.dir/build
make[1]: Entering directory '/home/lewissetter/Documents/mines/high_performance_computing/ntf_project/openblas/build/CMakeFiles/CMakeTmp'
Building C object CMakeFiles/cmTC_5f045.dir/CheckFunctionExists.c.o
/usr/bin/cc   -DF_INTERFACE_GFORT -fPIC -DSMP_SERVER -DMAX_CPU_NUMBER=4 -DMAX_PARALLEL_NUMBER=1 -DVERSION="\"0.3.6\"" -DCHECK_FUNCTION_EXISTS=pthread_create   -o CMakeFiles/cmTC_5f045.dir/CheckFunctionExists.c.o   -c /usr/share/cmake-3.10/Modules/CheckFunctionExists.c
Linking C executable cmTC_5f045
/usr/bin/cmake -E cmake_link_script CMakeFiles/cmTC_5f045.dir/link.txt --verbose=1
/usr/bin/cc   -DF_INTERFACE_GFORT -fPIC -DSMP_SERVER -DMAX_CPU_NUMBER=4 -DMAX_PARALLEL_NUMBER=1 -DVERSION="\"0.3.6\"" -DCHECK_FUNCTION_EXISTS=pthread_create    -rdynamic CMakeFiles/cmTC_5f045.dir/CheckFunctionExists.c.o  -o cmTC_5f045 -lpthreads 
/usr/bin/ld: cannot find -lpthreads
collect2: error: ld returned 1 exit status
CMakeFiles/cmTC_5f045.dir/build.make:97: recipe for target 'cmTC_5f045' failed
make[1]: *** [cmTC_5f045] Error 1
make[1]: Leaving directory '/home/lewissetter/Documents/mines/high_performance_computing/ntf_project/openblas/build/CMakeFiles/CMakeTmp'
Makefile:126: recipe for target 'cmTC_5f045/fast' failed
make: *** [cmTC_5f045/fast] Error 2


